<?xml version="1.0" encoding="UTF-8"?>
<testsuite xmlns:xsi="http://www.w3.org/2001/XMLSchema-instance" xsi:noNamespaceSchemaLocation="https://maven.apache.org/surefire/maven-surefire-plugin/xsd/surefire-test-report-3.0.xsd" version="3.0" name="TestSuite" time="614.352" tests="5" errors="0" skipped="2" failures="1">
  <properties>
[...]
</properties>
  <testcase name="basePageNavigation[restrincteduser@dd.com, fasfdfs](1)" classname="Toytota.Tsure.HomePage" time="11.685">
    <system-err><![CDATA[SLF4J: Failed to load class "org.slf4j.impl.StaticLoggerBinder".
SLF4J: Defaulting to no-operation (NOP) logger implementation
SLF4J: See http://www.slf4j.org/codes.html#StaticLoggerBinder for further details.
Starting ChromeDriver 8S9t.a0r.t4i3n8g9 C.h2r3o m(eD6r1ibv0e8re 8e29.c50.0043248b9.ab2030 4e48d2b1b083cdbdac579-refs/branch-heads/43(8691b@0{8#2ee942}c5) 0o0n24 bpoarb0t0 44e54498d2
bO1nbl0y8 l3occdabld acco5n7n9e-crteifosn/sb araren calh-loheweadds./4
P38le9@as{e#2 9se4}e)  htotn ppos:r/t/ c2hr5o56me6dr
iOvnelry.c hlroocmailum c.oonrgne/scteciournsi tare allowed.
Please see https://cyh-rocmoendsriivdeerr.acthiroomnisu mf.oorr sgug/gseescturiiotnys- ocnon kseiedepirnagt iCohnrso mfeoDrr isuvgegre sstaifeon.s 
on keeping ChromeDriver safe.
ChromeDriver was started successfully.
ChromeDriver was started successfully.
Apr 05, 2021 7:42:32 PM org.openqa.selenium.remote.ProtocolHandshake createSession
INFO: Detected dialect: W3C
]]></system-err>
  </testcase>
  <testcase name="basePageNavigation[nonrestrincteduser@dd.com, eerwrwefasfdfs](2)" classname="Toytota.Tsure.HomePage" time="3.957"/>
  <testcase name="init" classname="Toytota.Tsure.ValidatingAppTitle" time="587.023">
    <failure message="session not created&#10;from timeout: Timed out receiving message from renderer: 600.000&#10;  (Session info: chrome=89.0.4389.114)&#10;Build info: version: &apos;3.141.59&apos;, revision: &apos;e82be7d358&apos;, time: &apos;2018-11-14T08:17:03&apos;&#10;System info: host: &apos;DESKTOP-K40N5H6&apos;, ip: &apos;192.168.1.100&apos;, os.name: &apos;Windows 10&apos;, os.arch: &apos;amd64&apos;, os.version: &apos;10.0&apos;, java.version: &apos;1.8.0_261&apos;&#10;Driver info: driver.version: ChromeDriver&#10;remote stacktrace: Backtrace:&#10;	Ordinal0 [0x0132E7D3+124883]&#10;	Ordinal0 [0x0132E7B1+124849]&#10;	GetHandleVerifier [0x01578688+193832]&#10;	GetHandleVerifier [0x0156C079+143129]&#10;	GetHandleVerifier [0x0156B45E+140030]&#10;	GetHandleVerifier [0x0156B6E6+140678]&#10;	GetHandleVerifier [0x0156B025+138949]&#10;	GetHandleVerifier [0x01574679+177433]&#10;	GetHandleVerifier [0x0156AFE1+138881]&#10;	GetHandleVerifier [0x0156BD62+142338]&#10;	GetHandleVerifier [0x0156B45E+140030]&#10;	GetHandleVerifier [0x0156B6E6+140678]&#10;	GetHandleVerifier [0x0156B025+138949]&#10;	GetHandleVerifier [0x01572A0A+170154]&#10;	GetHandleVerifier [0x0156AFE1+138881]&#10;	GetHandleVerifier [0x0156BD62+142338]&#10;	GetHandleVerifier [0x0156B45E+140030]&#10;	GetHandleVerifier [0x0156B6E6+140678]&#10;	GetHandleVerifier [0x0156B025+138949]&#10;	GetHandleVerifier [0x01570D69+162825]&#10;	GetHandleVerifier [0x0156AFE1+138881]&#10;	GetHandleVerifier [0x0156BD62+142338]&#10;	GetHandleVerifier [0x0156B45E+140030]&#10;	GetHandleVerifier [0x0156B6E6+140678]&#10;	GetHandleVerifier [0x0156B025+138949]&#10;	GetHandleVerifier [0x0157017C+159772]&#10;	GetHandleVerifier [0x0156AFE1+138881]&#10;	GetHandleVerifier [0x0156BD62+142338]&#10;	GetHandleVerifier [0x0156B45E+140030]&#10;	GetHandleVerifier [0x0156B6E6+140678]&#10;	GetHandleVerifier [0x0156B025+138949]&#10;	GetHandleVerifier [0x015676ED+124301]&#10;	GetHandleVerifier [0x0156AFE1+138881]&#10;	GetHandleVerifier [0x0156AE03+138403]&#10;	GetHandleVerifier [0x0156ABF7+137879]&#10;	GetHandleVerifier [0x01579930+198608]&#10;	GetHandleVerifier [0x015B5758+443896]&#10;	GetHandleVerifier [0x015B47FC+439964]&#10;	GetHandleVerifier [0x015B154B+426987]&#10;	GetHandleVerifier [0x01594FFD+310941]&#10;	GetHandleVerifier [0x01595D8E+314414]&#10;	GetHandleVerifier [0x01595D19+314297]&#10;	GetHandleVerifier [0x016531EC+1089676]&#10;	GetHandleVerifier [0x016517C9+1082985]&#10;	GetHandleVerifier [0x016513A3+1081923]&#10;	GetHandleVerifier [0x0174D9FD+2115741]&#10;	Ordinal0 [0x0147B82E+1488942]&#10;	Ordinal0 [0x01415A7D+1071741]&#10;	Ordinal0 [0x0141559B+1070491]&#10;	Ordinal0 [0x014154B1+1070257]&#10;	Ordinal0 [0x0144FF53+1310547]&#10;	BaseThreadInitThunk [0x74AD3744+36]&#10;	RtlSetCurrentTransaction [0x7770A064+212]&#10;	RtlSetCurrentTransaction [0x7770A02F+159]&#10;" type="org.openqa.selenium.SessionNotCreatedException"><![CDATA[org.openqa.selenium.SessionNotCreatedException: 
session not created
from timeout: Timed out receiving message from renderer: 600.000
  (Session info: chrome=89.0.4389.114)
Build info: version: '3.141.59', revision: 'e82be7d358', time: '2018-11-14T08:17:03'
System info: host: 'DESKTOP-K40N5H6', ip: '192.168.1.100', os.name: 'Windows 10', os.arch: 'amd64', os.version: '10.0', java.version: '1.8.0_261'
Driver info: driver.version: ChromeDriver
remote stacktrace: Backtrace:
	Ordinal0 [0x0132E7D3+124883]
	Ordinal0 [0x0132E7B1+124849]
	GetHandleVerifier [0x01578688+193832]
	GetHandleVerifier [0x0156C079+143129]
	GetHandleVerifier [0x0156B45E+140030]
	GetHandleVerifier [0x0156B6E6+140678]
	GetHandleVerifier [0x0156B025+138949]
	GetHandleVerifier [0x01574679+177433]
	GetHandleVerifier [0x0156AFE1+138881]
	GetHandleVerifier [0x0156BD62+142338]
	GetHandleVerifier [0x0156B45E+140030]
	GetHandleVerifier [0x0156B6E6+140678]
	GetHandleVerifier [0x0156B025+138949]
	GetHandleVerifier [0x01572A0A+170154]
	GetHandleVerifier [0x0156AFE1+138881]
	GetHandleVerifier [0x0156BD62+142338]
	GetHandleVerifier [0x0156B45E+140030]
	GetHandleVerifier [0x0156B6E6+140678]
	GetHandleVerifier [0x0156B025+138949]
	GetHandleVerifier [0x01570D69+162825]
	GetHandleVerifier [0x0156AFE1+138881]
	GetHandleVerifier [0x0156BD62+142338]
	GetHandleVerifier [0x0156B45E+140030]
	GetHandleVerifier [0x0156B6E6+140678]
	GetHandleVerifier [0x0156B025+138949]
	GetHandleVerifier [0x0157017C+159772]
	GetHandleVerifier [0x0156AFE1+138881]
	GetHandleVerifier [0x0156BD62+142338]
	GetHandleVerifier [0x0156B45E+140030]
	GetHandleVerifier [0x0156B6E6+140678]
	GetHandleVerifier [0x0156B025+138949]
	GetHandleVerifier [0x015676ED+124301]
	GetHandleVerifier [0x0156AFE1+138881]
	GetHandleVerifier [0x0156AE03+138403]
	GetHandleVerifier [0x0156ABF7+137879]
	GetHandleVerifier [0x01579930+198608]
	GetHandleVerifier [0x015B5758+443896]
	GetHandleVerifier [0x015B47FC+439964]
	GetHandleVerifier [0x015B154B+426987]
	GetHandleVerifier [0x01594FFD+310941]
	GetHandleVerifier [0x01595D8E+314414]
	GetHandleVerifier [0x01595D19+314297]
	GetHandleVerifier [0x016531EC+1089676]
	GetHandleVerifier [0x016517C9+1082985]
	GetHandleVerifier [0x016513A3+1081923]
	GetHandleVerifier [0x0174D9FD+2115741]
	Ordinal0 [0x0147B82E+1488942]
	Ordinal0 [0x01415A7D+1071741]
	Ordinal0 [0x0141559B+1070491]
	Ordinal0 [0x014154B1+1070257]
	Ordinal0 [0x0144FF53+1310547]
	BaseThreadInitThunk [0x74AD3744+36]
	RtlSetCurrentTransaction [0x7770A064+212]
	RtlSetCurrentTransaction [0x7770A02F+159]

	at Toytota.Tsure.ValidatingAppTitle.init(ValidatingAppTitle.java:24)
]]></failure>
    <system-err><![CDATA[[1617632550.924][SEVERE]: Timed out receiving message from renderer: 600.000
]]></system-err>
  </testcase>
  <testcase name="appTitleValidation" classname="Toytota.Tsure.ValidatingAppTitle" time="0">
    <skipped message="session not created&#10;from timeout: Timed out receiving message from renderer: 600.000&#10;  (Session info: chrome=89.0.4389.114)&#10;Build info: version: &apos;3.141.59&apos;, revision: &apos;e82be7d358&apos;, time: &apos;2018-11-14T08:17:03&apos;&#10;System info: host: &apos;DESKTOP-K40N5H6&apos;, ip: &apos;192.168.1.100&apos;, os.name: &apos;Windows 10&apos;, os.arch: &apos;amd64&apos;, os.version: &apos;10.0&apos;, java.version: &apos;1.8.0_261&apos;&#10;Driver info: driver.version: ChromeDriver&#10;remote stacktrace: Backtrace:&#10;	Ordinal0 [0x0132E7D3+124883]&#10;	Ordinal0 [0x0132E7B1+124849]&#10;	GetHandleVerifier [0x01578688+193832]&#10;	GetHandleVerifier [0x0156C079+143129]&#10;	GetHandleVerifier [0x0156B45E+140030]&#10;	GetHandleVerifier [0x0156B6E6+140678]&#10;	GetHandleVerifier [0x0156B025+138949]&#10;	GetHandleVerifier [0x01574679+177433]&#10;	GetHandleVerifier [0x0156AFE1+138881]&#10;	GetHandleVerifier [0x0156BD62+142338]&#10;	GetHandleVerifier [0x0156B45E+140030]&#10;	GetHandleVerifier [0x0156B6E6+140678]&#10;	GetHandleVerifier [0x0156B025+138949]&#10;	GetHandleVerifier [0x01572A0A+170154]&#10;	GetHandleVerifier [0x0156AFE1+138881]&#10;	GetHandleVerifier [0x0156BD62+142338]&#10;	GetHandleVerifier [0x0156B45E+140030]&#10;	GetHandleVerifier [0x0156B6E6+140678]&#10;	GetHandleVerifier [0x0156B025+138949]&#10;	GetHandleVerifier [0x01570D69+162825]&#10;	GetHandleVerifier [0x0156AFE1+138881]&#10;	GetHandleVerifier [0x0156BD62+142338]&#10;	GetHandleVerifier [0x0156B45E+140030]&#10;	GetHandleVerifier [0x0156B6E6+140678]&#10;	GetHandleVerifier [0x0156B025+138949]&#10;	GetHandleVerifier [0x0157017C+159772]&#10;	GetHandleVerifier [0x0156AFE1+138881]&#10;	GetHandleVerifier [0x0156BD62+142338]&#10;	GetHandleVerifier [0x0156B45E+140030]&#10;	GetHandleVerifier [0x0156B6E6+140678]&#10;	GetHandleVerifier [0x0156B025+138949]&#10;	GetHandleVerifier [0x015676ED+124301]&#10;	GetHandleVerifier [0x0156AFE1+138881]&#10;	GetHandleVerifier [0x0156AE03+138403]&#10;	GetHandleVerifier [0x0156ABF7+137879]&#10;	GetHandleVerifier [0x01579930+198608]&#10;	GetHandleVerifier [0x015B5758+443896]&#10;	GetHandleVerifier [0x015B47FC+439964]&#10;	GetHandleVerifier [0x015B154B+426987]&#10;	GetHandleVerifier [0x01594FFD+310941]&#10;	GetHandleVerifier [0x01595D8E+314414]&#10;	GetHandleVerifier [0x01595D19+314297]&#10;	GetHandleVerifier [0x016531EC+1089676]&#10;	GetHandleVerifier [0x016517C9+1082985]&#10;	GetHandleVerifier [0x016513A3+1081923]&#10;	GetHandleVerifier [0x0174D9FD+2115741]&#10;	Ordinal0 [0x0147B82E+1488942]&#10;	Ordinal0 [0x01415A7D+1071741]&#10;	Ordinal0 [0x0141559B+1070491]&#10;	Ordinal0 [0x014154B1+1070257]&#10;	Ordinal0 [0x0144FF53+1310547]&#10;	BaseThreadInitThunk [0x74AD3744+36]&#10;	RtlSetCurrentTransaction [0x7770A064+212]&#10;	RtlSetCurrentTransaction [0x7770A02F+159]&#10;"/>
  </testcase>
  <testcase name="tearDown" classname="Toytota.Tsure.ValidatingAppTitle" time="0">
    <skipped/>
  </testcase>
</testsuite>