<?xml version="1.0" encoding="UTF-8"?>
<testng-results skipped="0" failed="0" ignored="0" total="2" passed="2">
  <reporter-output>
  </reporter-output>
  <suite name="Suite" duration-ms="56197" started-at="2021-04-17T20:15:19 IST" finished-at="2021-04-17T20:16:15 IST">
    <groups>
    </groups>
    <test name="HomePageTest" duration-ms="43688" started-at="2021-04-17T20:15:19 IST" finished-at="2021-04-17T20:16:03 IST">
      <class name="walletHub.LoginAndPost">
        <test-method status="PASS" signature="init()[pri:0, instance:walletHub.LoginAndPost@7dc19a70]" name="init" is-config="true" duration-ms="10002" started-at="2021-04-17T20:15:19 IST" finished-at="2021-04-17T20:15:29 IST">
          <reporter-output>
          </reporter-output>
        </test-method> <!-- init -->
        <test-method status="PASS" signature="loginAndPostInFacebook()[pri:0, instance:walletHub.LoginAndPost@7dc19a70]" name="loginAndPostInFacebook" duration-ms="30482" started-at="2021-04-17T20:15:29 IST" finished-at="2021-04-17T20:16:00 IST">
          <reporter-output>
          </reporter-output>
        </test-method> <!-- loginAndPostInFacebook -->
        <test-method status="PASS" signature="tearDown()[pri:0, instance:walletHub.LoginAndPost@7dc19a70]" name="tearDown" is-config="true" duration-ms="2752" started-at="2021-04-17T20:16:00 IST" finished-at="2021-04-17T20:16:03 IST">
          <reporter-output>
          </reporter-output>
        </test-method> <!-- tearDown -->
      </class> <!-- walletHub.LoginAndPost -->
    </test> <!-- HomePageTest -->
    <test name="ValidateTest" duration-ms="56197" started-at="2021-04-17T20:15:19 IST" finished-at="2021-04-17T20:16:15 IST">
      <class name="walletHub.ReviewAndTest">
        <test-method status="PASS" signature="init()[pri:0, instance:walletHub.ReviewAndTest@5c86dbc5]" name="init" is-config="true" duration-ms="10002" started-at="2021-04-17T20:15:19 IST" finished-at="2021-04-17T20:15:29 IST">
          <reporter-output>
          </reporter-output>
        </test-method> <!-- init -->
        <test-method status="PASS" signature="reviewAndTest()[pri:0, instance:walletHub.ReviewAndTest@5c86dbc5]" name="reviewAndTest" duration-ms="44450" started-at="2021-04-17T20:15:29 IST" finished-at="2021-04-17T20:16:14 IST">
          <reporter-output>
          </reporter-output>
        </test-method> <!-- reviewAndTest -->
        <test-method status="PASS" signature="tearDown()[pri:0, instance:walletHub.ReviewAndTest@5c86dbc5]" name="tearDown" is-config="true" duration-ms="1632" started-at="2021-04-17T20:16:14 IST" finished-at="2021-04-17T20:16:15 IST">
          <reporter-output>
          </reporter-output>
        </test-method> <!-- tearDown -->
      </class> <!-- walletHub.ReviewAndTest -->
    </test> <!-- ValidateTest -->
  </suite> <!-- Suite -->
</testng-results>
